4  15  26  42  50
30
12  35  46  51
2  39
15
46
8   9  11  12  14  21  31  33
12  19  21  26  28  39  50
3  16  20  21  26  30  36  41
10  14  30  39  50
24  32
9  17  21  23  27  38  41
3  24
4   6   8  16  18  24  30  36  40
33
22  28
35
7  37
41
23  24  25  31  35  44  51
2  43
34  35  51
50
13  18  32  33  34  36  43  46  47
1   3   6  21  25  36  39  41  42  45
1  16  20  32  35  40  45
37
31
46
32
1   8  13  36
14
6  15  18  23  34  36
1   2   6   7  13  15  17  21  24  27  40  46  51
9  27
22
42
50
1   7  14  38  39  50
7
5  51
40
49
43
13  37
1
7  33
4  22
12  37
3
26  30
14  16  21  24  27  28  34  38  45
16  38
26
34
31  33  44
10  25
6
2  19  22  27  31  41  46  49
27
5
1   2   3  12  13  27  37  42  47
43
13  43
39
25
21
13  16  17  22  28  44  47  51
1   3   7  15  17  22  28  30  32  35  40  45
30
1   3   7   8  47  50
23  51
1   2  29  31  39  42  45
42
46
16
42
12  19  25  31  37  47
2  29  30  36  51
12
39
30  33  44
45  50
10  19  24  29  32  44
9  13  23  25  36  37  45
24
3   6   9  22  39  47  49
13  24
4   5   8  13  44  49
30
6   9  16  21  37  39  46
2  21  26  42  49
4   7  12  20  24  33  34  36  42  51
1  13  24  25  28  37  41  45  49
9  24  25  26  27  28  31  37  39  43
19
36
7  40
37  46
4   5  12  13  17  19  32  33  51
21  27  37  44  51
7
23
18  36  46
7   8  10  14  15  29  30  41  43
5   9  14  32  44  46
28
2   7  27  44
5
26  33  35  36  38  45  48
46
4  23  24  41
6
35
7
10
49
44
20
2  7
23  26  40  42  46  47
21
2   9  13  15  24  35  41  44
50
42
44
4  21  22  43  45  49  50
9  18  31  40  50
10  11  16  23  26  37  38  42
42
9
11  37
40
2
20
3   4   6  43
4
10
2   3  26  32  33  39  44  49  51
9  14
41
3  42
38
2   6  12  33  44  47
2  32
38
22
25
7
10  13  14  16  18  21  37  40  41  42  47
36
32
44
12
30
22
1   4  14  19  20  26  29  32  33
3   7  23  24  30  34  35  41
34
1
23  51
1
6   7  27  28  29  33  38  42  43  48
9  24  29
49
39
10
7
34
5   7  13  18  24
8  29  49
44
14
4   8  10
13
1  22  26  36  47
33
35
10  45
3  21
4  10  17  24  27  30  36  41  44
14  36  47  50
9  13  17  22  33  43
47
5   6   7  11  14  20  31  43  47  51
35
46
12  41
31
13  16  17  22  24  28  29  42
9  32  41  47
12  14  15  20  36  50
5  22  29  33  42  45  49
4   7  19  33  37  48
13  43  48
10
26  27
3   5   7   8  12  13  21  26  43  44  47
4  18  19  21  27  28  38  49  50
22
14
13
2  15  21  24  31  36  37  44  48
12  14  17  24  41  46  50
20
7  23
2   5   8  15  16  29  30  36  43
6  24  27  29  35
30  34
37  42
13  14
11  19  21  22  23  27  45  46
41
1   2   3  21  41  42  46
10
1  11  12  27  42  46
7
46
6  42
4
1   4   7   8  23  24  40  41
8   9  15  21  38  39  42
13  17  18  36  49
8  18  19  21  37  46  47
18
45
1  10  17  26  41  45
2  51
9  21  28  34  41  47
5  13  27  29  33  40  49
13
35  36
2
13  26  32  36
1   2  25  29  31  35  39  42  44  48
11  14  22  25  37  39
1  33
32
5  26  30  40  46
13  19  22  30  31  45  47
3  13  16  25  32  40  41
13
6   9  11  17  25  44  49
6   9  13  23  31  33  46  50
8
42
24  32  35
33
48
9  21  22  30  35  46  51
2
13
23  30
37  42
3   7  24  29  46  51
7  10  12  30  35  43  45
18
6   8  20  26  29  30  31  32  41
10
20
10
21
3   9  21  27  42  43  48
31
5
6  21  29  35  37  48
15
24
40
7  15
22  39
7  42
9  27  28  31  34  36  43  49
40
7   9  16  22  29  42  49
34  51
4   8  17  18  29  44  50  51
6  12  13  17  24  27  33  39  40
13  18  19  27  42  47  51
17
22
26
3   9  10  11  26  29
6
12
22  26  29  30  48  49
9  41
2   6   9  23  36  42  46  47  50
18
11  14  18  19  22  49
43
18
16  21  25  26  30  40  42  48
23  42
28
9  24  31  34  35  37  38  40  44
13
29
13
9  10  11  12  16  23  28  34  35  43  49
26
11  14  23  26  29  34  35  37  39  40
42  50
5  11  20  27  36
31  38
5  22  32  44
6  18  20  32  35  36
10
6   8  23  47
4  11  19  30  35  50
29
46
25
12  22  39
21
15
34
36
7  22  24
4   9  20  25  34  40  46  51
43  47
10  24  37  42  43
21
10  17  24  29  34  41  43  47  51
2   6  30  31  33  43  44
27
8  17  22  25  27  31  33  36  44  48
25
17
44
5   7   8  45  46
46
32
44
5
31
18  32
42
11
18
23  39  43
14  43  47  51
15  17  19  24  26  27  34  36  40
14  33  48
16
7  12  16  40  42  45  51
43
20  23  42  44
13  14  28  31  38  41  44  47
11
1  14  17  21  40
9
1
8
7   9  15  23  29  30  48
42  44
20
27
13  34
3   9  22  27  32  42
51
4   7   9  18  25  26  31  36
14  16  17  23  25  49  51
3   5  19  33  40  41  51
3  6
30
8  19  37  40  41
3
46  49
16
17  34  42
2
2   7  13  22  30  35  42  48  51
44
10  21  43
30
28
3
5  13  37  47
1  10  11  12  18  20  21  31  41  42
2  17  21  33  35  37
14
6   9  11  13  14  16  33  45  48  49
13
2  28  46
40
6  14  17
2  21  26  31  48
6
1  33
2  23  31
36
38
19
13  20  23
2   6   7  12  13  20  25  26  50
3   4  10  11  12  19  21  27  30  36  40  51
35
51
22
17
7  12  23  40  42  43  45
1   7   9  14  21  22  26  27  38  49
3
3  23  31  44  51
4  15  25  36  40  42  44
6  8
13  44
41
40
7  16  32  34  39
3  27
6  37
10  20  36
5
3   5   6   8  19  20
6  12  19
50
34
8  51
24
6  10  12  13  18  21  27  30  32
37
17
2  11  13  34  43  49  51
44
22
39
1  14  38  45
17
8  22
2   7   9  17  37  40
29
2   6   8   9  13  15  18  29  39  44  48
18
4  34  46
6   7   8  17  22  26  28  32  33  36  44  51
46
4  10  15  21  28  31  41  46
17
38
24
2   9  10  22  36
2  11  14  19  30  32  42  47  51
27  39
12
37
49
20
18
36
13
19  25  30  42  45  51
50
22  36
13  49
11  32  40
2   4  10  13
48
11  20  31  36  43
41
4  30
9  13  18  37  43
6  18  27  29  34  35  37  49
50
8  16  18  20  31  33  42  50
25
34
33
42
37
8   9  11  13  22  28
38
3  5
51
6  23  36  42  48  51
2  7
1   5  19  21  25  26  27  30  32  34
1   9  15  16  24  25  33  50
35
1   4   7  11  12  22  36
25  32
5   9  15  22  26  30  37  47
6  13  17  22  33  38  50
3  25  27  38  44  46
14  37
7  17  19  25  27  36  42  47
22  24  36
32
7  49
44
8  14
37  45
32
24  27
3   6  11  15  18  25
21  49
12
4  19  26
14  16  21  23  24  33  34  37  43  46  48  49
18  36
6  35  44
67   69   82   83   93   96   97   99  101  102
101
84  85  89  97
75
72
52
59
53  54  55  57  64  76  83  84
93
52  61  65  80  87
67  70  76  81  87  92
66  76  97
59  85
75  77
54
71
55  64  68  77  79  80  85  87  98
97
78
83
98
75
56
57
94
88
94
60  65
74  87  89  91  98
93
87  92
54  60
98
59  66  68  76
86
54  94
63  75
74   76   77   83   86   96  101
52
93
89  95
101
52  60  66  67  82  89  90
61  78
80  84  86
71
84
72
88
62   67   76   90   99  100  102
71   73   79   85   93  100
96
65
81  86
68  77  85  96  98
80
87
94
54  67  87  90  92  95
100
77
101
53  54  56  71  81  92  93  99
66
94
92
91  99
76  80  97  98
52  63  66  69  71  72  76  80  85  88  98
90
90
74
79
55
61  63  67  74  76  87  88  90  97
63
86
92
62  69  72  99
98
54  92
92
72
70
67  82  93  94  95
66  76
60  82  86
76
60  63  73  74  83  86  87  90
57  66  67  86  89  90  91  99
55  57  74  76  94
81
52   54   61   63   70   72   81   98  100
54  55  62  63  67  68  72  78  83  87  89  98
53  99
70   74   84  102
101
87
79  80  88
82   93  100
68  85  92  95
79
91
93
52  54  68  72  75  80  99
65  74  81  88  90  94  98
94
90
75  86
52  68  80  82  86  87  89  93  97  98
75
69
101
69
84
57  70  90
86  94
57  66  67  78  81
71  95
54   61   71   74   76   82   86   93   96  100
52  63  65  75  86  94  98
54  66  71  73  74  78  82  87  95
53
71
78
65
56  69
62  84
55   58   66   71   81   82   84   96  101  102
65
69
52   60   70   75   78   83   94  102
80
80
60  62  65  66  71  73  94
89
55  62  81
91
61   67   68   69   83  101
53  72  79  85  87
62   73   81   86   93   95   96  100
73
58  59  70  71  72  99
52   54   57   59   64   77   89   97  101
55  59  86  88
57  60  67  75  84  85  86
99
62  71  91  92  94
66   83  101
71   90   98  102
72  93
101
58  69  70  76  85
79
58  85  91  93  99
80
73
61  64  67  70  74  75  77  96  98
54  59  60  62  83
62  83  86  87  99
68
71  80
70
63
66
91
57  75  87  88  94  98
96
76  80  82  91
86
57  60  79  88  96  97
93  102
59
55
60  71
65  70  78  83  84  88  96
54  55  61  67  77  92
56  91
100
73
75
66  73  88
58  66  95
64  72
72
53  56  64  71  72  80  97
99
70
68  70  71
57  58  63  65  67  74  83  94
66
71
72
87
58  63
86
57  58
52  54  63  69  73  85
91
55
63
73  93
54   57   58   66   67   80   87  101
53
73
66
91
60  63  74  97
52   53   63   69   85   86   93   98  100
64  73  80  82  83  86  94
54  55  56  57  58  71  75  83  86  88  99
62
56   58   86   89   99  101
57  58  59  60  64  69  74  78
53   62   76   87   91   92   96  101  102
101
53   60   69   70   86   92   99  102
58
62  71  86  97
52   67   73   82   84   86   94   97  100
96
65
61  63  67  70  80  82  83  86  88  90  93  94
56  58  60  64  65  74  86  87  95  97
64
54  58  64  69  77  93  95
53   66   71   80   82   87   93   99  100
55  65  71  86  94  96
94  97
55
68
53  82  83  90
85   86   87   96  100
56  58  66  67  73  84  86  88  94
75
52  56  66  70  73  77  86  94  97
95
73
81
59
53
53   79   98  100  101
97
98
69  71
57  58  98  99
80  92
76  87
72
76
55
66  73  83
78
96
56  58  61  67  87  93  99
60  95
71
55  73  77
70  71  74  77  92  96  98
99
66
57  70  89  91  98
56  57  58  62  66  69  71  76  87
72
69  91  99
98
55  64
63
52  54  59  61  85  94  96  97
100
91
65
97
61
63  79
66  69  70  77  81  86  90  93
54   55   64   70   75   81   85   86   94   99  101
62  79  91  98
82
80  96
73
90
52  54  70  76  81  87  88  96
97
100
100
63  76  80  96
71
56  60  73  78  81  97  99
80
75  77  87
67   79   89   94  100  102
88
88
58
69
68   92   93  100
90  94
67  70  73  94  99
59
66  70  81
60  67  68  74  76  80  81
90  97
67  88  89
81
100
58   63   66   91   93  100
66  69  72  85  94  95
92
82
57
83
94
58
82  86
57
57   60   71   74   75   82   86   89   91   92   99  101
69
74
54
52   55   59  100  102
83
54  55  66  74  76  79  89  90
91
65
91
68   71   83   94   96  101
54   66   89  101  102
67
79
53  57  59  60  63  66  69  84  86  99
53
64
74   76   93   95  101
58  67  69  77  90  91  93
90
80
62  97
54   59   77   86   90   94   98  102
60  100
57
76  80  91
53  91
77  84  97
54  55  66  67  80  82  85  91  93  99
61  91
54
55  75  88  97
102
65  85  93  95
54
66
52  62  64  65  69  76  82  87  94
52
96
63  72  74  76  97
84
56  64  69  73  74  81  83  87  98
95
59  63  69  80  85  86  90
84
53  57  59  63  72  73  85  86  87  88  91
62  63  68  69  83  91  95  97
78
79  91  98
92
97
53
56  67  99
85
86
80
102
79
70
65  66  79  84  88  94  99
61   63   66   77   84  100
57  92
58   61   75   79   87  101
80
66
100
59  60  72  79  84  85  86  89
70  96
54  55  69  77  96
90
55
54   68   78   86   94   99  102
60  62  77  79  82  84  96
52  54  59  66  71  78  86  90  95  98
56  62
52  55  73  98
62  67  77  82  85  89
53  56  70  71  82  91
57  81  90
77
74  79  87  91  94
71
66
67
57   77   79   83   97  101
88
53  77  81
53  60  67  71  73
60
69
52   56   73   75   77   91  102
64   82   84   92   93   96   97   99  101  102
61  68  77  83  87
55  58  72  75  76  77  84  93
54  62  78  80  83
57  59  71  87  95  97
60
57  69
78
59
72
57  62  75  76  83
53   82   84   89   90   93   94  100  102
52  81
88  89
55  56  63  67  69  84  88  90  99
97
78  82
68  85
73
63  71  89  93  94
58  68  86  87  88  89  97
91  102
99
57
56  70  73  85  94
86
52
73
53  58
60   70   86  102
74  84
63  101
54
56
71  74  81  97
62   73   77   79   86   95  101
91
94
74
69
75
61
55  69  74  82  95  96
60
91
60  61  68  95  99
72
71  77
53
101
52  55  61  74  75  98
86
52   55   67   91   99  101
54  55  69  74  79  83  89
55  63  65  87
57  58  73  76  77  88  94  95
53
55
60  64  69  73  94  97  99
53  67  72
84
71  72
52  75  79  81  83  88  92
55   69   73   93   99  100  101
93
93
64
71
62
57  59  61  79  82  83  97
61
55   69   87   96   98  100
61
66  67  70  78  80  91  92
86
86  96
98
98
76
73  92
75
68  70  74  77
74
55  63  66  72  73  84  93
66  84  85  87  97
56  59  66  92
52  79
57  62  64  69  72  75  90
87
53  60  66  79  85  89  90  91  96  99
58  62  66  68  69  71  73  77  81  91
67
90  96
57  59  62  71
59   62   67   68   73   81   96  102
71
110  123
109
121  125
103  114  129  132  141  145  148
105  110
136
133
103  104  112  113  123  136  142  146
139
109  120  143  146
125
104  127  135  146  150
138  142
134
103  123  131  136  139  146  149
134  151
133
115  116  118  144  145
129  130
105  139
106  119  127  131  132  134  136  146  152
104  105  120  132  137
119
125
111
114
137
103  123  131  136  149  153
118
119
108  121  136  140  143  149
129
103  130
105  110
152
118
147
142
105  108  121  128  131  132  138  146  151
111  112  132  145  147  148
126
109  117  119  121  122  129  139  152
105  115  116  124  126  133
109  115
126
136
112  125
141
117  121  125  129  131  135  145  146  152
142
107  124  128  138  142  146
107  121  131  136  148  153
128
133
118  122  127  137  139  152
111
124
107  110  122  123  130  138  141  152
107  111  112  125  131  137  138  147  153
135
114  134  149
140
126  141
110  117  121  122  140  147  153
113  116  117  121  133  141  145
107  109  122  139  147
115  137  144  145  149  150
115  140
127
149
132
124  141
113  118
118  124  126  128  131  141
127
105  137
103
105
104  109  110  119  120  144  146  147
121  123  126  129  149
105  108  117  119  120  125  130  134  135
127  132  149
118  126
144
103  107  109  111  136  148  152
103  104  116  130
107  114  128
118
105  115  117  142  145  147
139
143
114  124  131  133  136  142  144
150
121  125  129  139  144  147  151  153
134
132
110  117  126  131  133  138  140
107  112  138  140  141
116  138  147
105  122  123
113  119  122  123  133
103  128  133  136  140  150  151
108
113  123  127  128  141
118
128  129  133
103  106  126  139  150
149
147
107  112  122  123  130  143
106  107  126  127  143  149  151
105  116  123  126  139  143
103  107  111  117  118  126  135  136  137  142  144
128
111  114  123  139  140  142
139
111  117  121  132  147  150
103  106  116  123  124  126  137  138  140  146
113
120  125
134  146
105  124
109
148
107  118  125  141  144
122  135  143
105  107  111  115  121  124  132  143  144  147
108  111  116  119  138
117
121  122  133
112  119  122  131  139  143
109  120  139  142  144
105
148
112
107  109  110  119  121  140  146  152
121
105
137  148
105  113  114  118  119  121  146  148  151
126
133
107  114  118  143  147  153
140
119
107  114  115  118  135  140
127
138
124
103
125
114  127  134  140  145  150
120
107  108  109  110  124  125  132  139  148  153
110  132  141  150
138
127  130
121
105
117  121  122  132  133  142  151  152
108  109  113  119  128  132  133  136  137  138  150
128
109  112  118  120  125  135  136
135
103  104  106  118  120  134  145
109
113  142
106
123
144  147
138  143
131  145  149
114
152
151
112  113  127  129  153
106  133
103  107
106  110  116  133  134  142  147
104
149
117  121  134  136  140
149
108  111  112  122  123  128  139
125  139  152
109  151
110  132  133  139  140  153
133
117  141
120  128  133  135  148  152
106
149
105  113  115  121  131  132  134  136  139  140  151
118
110  121  137  143  149  151
116
149
141
149
149
111  137
118  141  151
135  138
114
147
104  121  139  148
147
103
119  128
106  149
116  132
115  121
113
108  123  129  140  153
104  105  107  115  120  141
125
147
108  121  142
141  149
151
150
118  130
130
133  152
119
110
108  110  115  130  149  153
148
108  115  121  124  130  132  137
142
141
131
106  107  110  123  134  136  138  142  149
111
127
135
152
106
137
124
108  114  128  149
127  130  134  135  147  150  152
152
147
130  131  133  139  140  145  151
103  104  108  113  116  124  127  136
132
110  113  131  132  135  147
106  107  111  113  123  127  136  141  146
107  110  112  136  137  143  144  145
107  110  122  138  142  143
103  109  118  127  129  141
107  108  114  121  131  146
105
128  133  144  153
122
136
108  119  129  131  147  150  153
126
113  119
117  129
113
140
105  124  126  134  138  141  142
143
132
125
104
109  112  119  121  122  124  129  135
104  149
120
110  133
105  119  121  127  129  131  143  147
123
118  130  133  138  139  153
103
103  109  118  125  129  147
111
124  132  139  145  151
145
109  117  119  134
112  115  125  127  133  135  140  144
113  114  124  134  142  144  147  151
132  136
138
134  150
103  107  118  121  128  131  133  137  141  145  147  151
125  127  152
135
105  114  122  134  136  139  144
103  119  124  126  133  144  145  152
135
139  140
149
109
116
107  133  142  149  151
127
109  111  112  123  125  128  134  142  150  151
127
140  146
106  133  151
146
107  110  112  120  135  140  152
105  132  144  149
116  128  133  136  141  150
150
143
103  108  129  132  137  144  148
109  115  117  142  149  153
139
114  126  135
128
131
103  109  113  130  151
112  120  122  123  135  138  147  153
121
146
113  116  118  122  124  143  146
115
105  109  117  123  137  148
108  112  113  135  139  142
132  133
127
115  121  123  127  130  138  140  141  145  148  152
137
112
104  109  114  117  124  127  133
138
111
112  113  127  138
114
127  131
121
135
111  118  138
107  118  120  131  136
138
104  108
105
144
113
143
119  140  141  149
117  120  135
109  110  114  116  122  127  130  134  135
139  142  149
125
127
130
137  147
115  123  131  135  138  140  142
117  127  134  143
104  106  107  116  118  123  127  128  133  135  138  140  144  146
105  111  114  115  121  140
147
134
105  106  109  117  123  130  146  148
147
108
139
113
111  117  125  127  133  146  148
122
115  117  120  121  147  150  153
127
113  151
109
110  141
140
133
105  112  114  118  124  133  140
132  152
110  135
127
146
137
118
109  111  120  122  126  130  141  145  146  151
105  120
114  117  118  119  123  125  127  137  151
107  111  134  143  147  152
108  139  150
104  125
139
106  115  132  133  140  147  152
110  114  124  126  140  147
135
115
109  120
107  111  112  113  121  128  132  133  135  147  150  151
121  141  145
125
110  111  132  144  153
114  125
149
148
121  135  152
111  113  118  126  131  134  138  146  149
110  127  128  129  148
112
112  126  131  136  142  152
107  109  142  143  150
113  118  130  152
104  109  114  125  132  139  142
104  106  112  116  121  122  134
127
138
111
106  107  109  110  113  119  125  144
140
144
107
143
125  136
141  153
122
142
121
134
105  116  123  130  138  139  141  142  146
104  113  124  134  135  142
152
129
104  110  137  141  143  147  148
146
103  105  148
103  105  148
111  133  138  152
117  123
125
147
127
125
112  143  148
112  114  117  118  129  140  146  152
107  108  112  113  115  129  130  140
125
114
107  122
118
103
117  130  132  134  148
125  127  134  138  143  151
108  110  120  129  132  137  138
153
113
114
132
114  134  148
107  114  117  127  130  131  145  148  153
142  150
137
120  133  135  137  148
108  111  129  136
117
126  140  142  148  152
108  112  127  131  134  135  138  139
140
127  139  151
120  127  128  133  134  141  145
110  134  152
129
110  148
140
149
127  149
152
103  113
129
120  121  123  125  147  152  153
153
129
116  120  121  122  127
138
133
126
104  105  107  108  116  121  132  139  147
108  116  117  121  138  139  142  147  153
104  106  108  117  118  122  127  130  137  142  151
129  134
114  121  126  131  136  144  153
123
107  133  148
127  130  132  135  147
108  113  124  133  134  139  153
109
113  138
120
105  115  120  121  127  133  139  149
129
113
103  105  108  115  119  125  130  145  149  151
106  113  117  123  130  143  148
116  119  123  140  150
109  117  130  144  152
148
124  125  128  131  133  142  145  146
109  133
126  136  142  143  148  150  152
104  116  117  121  133  139
138
125  137
159  164  171  174  175  185  189
161
188
168  175  200  203
182
156  165  166  172  175  178  180  187  193  194  203
188
183  188
163
160
175  192
162  165  167  172  178  185  187  195  201  203
155  156  164  198
159  166  175  183  197  199  203  204
170  187
194
179
157
164  165
157  165  174  176  187  192  197
169
155  197
156  157  159  166  169  181  192  197  198  199  204
173  190
176
173  176  178  181  189  194  197
164  167  173  181  183  198  200  201  203
172  175  185  188  193  200
188
175
190
189
162  187  191  194
154  177  181  204
162  171  178  179  191  192  203
158  166  170  173  183  189  190  195
154  156  164  166  176  177
193
161  182
154  173
187
163  173  177  193
168
204
154  164  171  176  179  182
195
202
155
162  168  185  188  190
160  163  197  198  200  202  204
172
164
155
186
154  158  159  163  164  175  186  190  193  204
156  160  163  174  179  180  184  186  187  191  192  197  200
167  179  203
190
170  174  193
164  172  176  177  182  186  187  188  189  197
156  164  188
156
183  199
160  180  182  186
159
193
189
156  160  176  177  187  188  189  191  194  199
160  161  179  185  190  196  202  204
157  162  169  176  195  200  203
181
158  159  160  162  177  185  190  197
194
172
157
169
161  176  184
198
155  156  166  171  181  187  198  199
160
172  203
186  190
177
179
198
174  177
157
183
165
196
169  183  188  201
156  157  160  187  190  202
182
169  182  202
197
188
163  164  165  172  180  182  199  201  203
184  193
155  163  169  179  182  183  193  195  199
167  178  185  190  192  198
161  179  180  181  190  195  201  202
198
156  162  173  190  191
157  160  170  174  179  180  182  184
159  168  183  185
192
158  172  201
160  171  177  182  199  201
155  156  165  198
165  168  171  185  190  192  194
179
176
201
155  159  160  165  193  197  198
195
164
161
188
174  177  180  204
186
180  191
168
155  179  189
170  181  186  187  194
204
182
179  185
200
174  196
202
172
163  166  167  168  169  172  185  195  197
166  181
197
155  177
157  161  163  168  176  181  186  195  197  202
156  174  176  177  178  189  193
182  185  187  189  190  191
172  175
160  180  186  188  192  195  202
176  192
158  178  182  187
187
163  164  173  180  184
172  196  199
156  163  170  171  175  177  179
160  168  173  182  194  196  199
163  173  196
163  167  176  182  184  190  197
182
170  172  175  181  201  203
189
160  202
172
201  202
169
194
172  192
169
169
200
174
154  155  158  165  170  173  175  189  195  197  203
161
161  165  167  176  181  190  193
159  168
196
163
157  183
185  198  202
169
167
165  188
162  168  175  176  181  186  189  193  194  203
186  195
167
170
170  183  193  199
169  186  190  194  196  204
170
157  161  169  182  185  192
160  167  170  173  193  199
181
175  189
188
160
164  196
154
167  180  184  186  194  198
196
185
161  162  172  186  199  201  202
161
198  200
157  164  166  168  175  189
180
202
155  161  195
154
178
197
172
163  173  179  180  181  185  194
156  175  176  178  183  186
165  169  175  202  203
181
174
185
171
159  167  173  178  191  198
174
162  184  190  196  199  201
160  189  197
161  178  180  181  203
156  166  175  176  181  183  191  192  194  198
176  183  187
180
158
158  175  179  191  193  194  196
186  198
164
165  171  173  175  178  180  202
169  172  187  191  197  200
175
155  198
172
168
158  167  175  189  194
176
169
155
165
154
174  180  199  201
160  167  176  178  179  180  183  185  199  203
166  167
158  162  167  171  173  179  181  202
189  194  196  201  202
158  159  160  169  185  186  194  195
159  175  176  180  182  183  184  198  203
174  197
162  166  179  200
178
165
180
158  172  175  188  192  194  198  202
161  180  186  195  200
177  198  202
183
166
156
155  158  167  176  178  179  194  195  198  201  202
156
156
185  192
172  199
161  198
173
184  186  189  197  198
180
162  171  180  181  187  198
154  158  169  181  197
160  194
179
157  159
186
162
194
155  156  165  174  193  201
157  190
169
158  164  184  187  193  194
197  200
161  162  166  172  174  202
157  167  187  193  195  200
154  184
197
169
175
162
179
157  164  167  176  181  184  196  203
191
154  172  176  177  179
159  160  171  176  177  181  192  196
203
175
170  183
158
179
167  168  183  188  190  199  201
198
164  169  185  191  196  203
198
154  163  168  169  170  183  190  192  193
154
159  167  203
158  159  165  172  174  185  187  189  196  199
162  171
157
161  166  167  168  173
161  192  203
161  168
164
167  181  182  183  184  188  194
167  187  196
199
165  177  187  190  198
162  172  174  181  190  191  192  194
195
179  193
161
198
172
192  194
181
156
156  182  195  200  201
155  162  179  180  188  191  196  199
161  162  187  193  198
156  171  183  184  192
184
166
154  170  178
156
194
157
176
193
159  161  178
189  192
184  196
164  166  176  197  200  201  202
170
154  162  170  174  176  177  187  189  190  196  198  201
156  161  164  179  193  204
175
161  163  196  203
170
156  172  176
202
159
158  175  178  182  185  188  190  197
154  158  161  166  194  196
187
199  203
154  160  161  169  186  191  192
159  172  182  183  192  200
166  177  179  203
176
198
185
181
165  178  194
192
154
189
204
159  171  179  181  191
157  163  166  167  177  199  204
181
164  169  172  174  183  196
163
187  195  197
164
181
157  162  175  179  192  199  204
172
154  155  161  178  179  184  185  192  196  203
165
155  181  204
175  189  195  200
198
156  157  158  162  168  176  177  191  192  199  202
168  171  180  201  204
167  169  172  178  192
172
157  164  172  178  185  187  191  193  200
164  172  173  192
204
159  166  169  171  173  189  202
195
156  162  164  171  173  201  204
156  157  165  175  177  189  197
197
180  188
158
185
187
164
165
163  165  167  183  196
156  160  171  172  183  189  199  203
162  196
190
155
155  176
154  172  173  174  176  178  179  180  182  190
182
161  180  183  184  192  193  195  197
176
158  165  192
179
170  172  179  185  187  196  197
162  164  171  187  194
170
165  203
185  203
157  170
156  204
172  177
166  190
162
173  189
156  163  166  167  171  175
156  158  162  172  179  196  198  201
198
166  172
158
169
200  201
163
165
160
180
165  182
158  186  194  200
156  179  189
156  161  162  165  174
182  190
202
166
160  161  163  166  167  169  170  171  182  187
196
156  172  181  198  203
160
203
160  164  174  175  177  190  194  195
196
182  196
172
157
197
156  161  173  175  176  180  181  184  192
164
195
193
160  167  169  178  183  186  189
156  158  173  174  199  203
168
156
161  168  170  173  178  181  194
169  172  174  176  177  183  189  194
189
185  202  204
172  181  185  196
158
163
188
198
198
154  160  169  176  194  195  203
159  202  204
196
192
161  168  169  173  192  198
199
198
160  171  172  175  178  179  182  188  195
170  200
171
154
195
156  160  161  169  193  202
172
173
157  189
159  160  176
178
170
161  174  186  191  197  199
159  162  166  167  174  179  188
182
155  161  183  187  189  194  201
194
179  187  197
180
159  172  176  180  195  196  197  201  202
196
155
155  164  170  185  186  191  200  204
192
199
197
157  195
156
163  204
157  179
165  178  180
161  169  170  179  186
204
154  159  167  198
156  161  171  188  196  201
206  237  239  250  251  253  255
212  239
243
235
243
205
210  214  215  225  236  237  239  245  249
224
228
210  217  218  222
241  243  250
219  232
205  231
205  210  213  226  235  244  245  252  253  254
245
227
247
205  224  226  239  246
220  228  236  239  242
235
244
234  242
220
206  216  219  225  226  235  250  251
209  224  226  233  235  246  249
249
251
212
230
244
205
228
215  232  233  240  246  252
226
212  216  218  220  228  230  238  253
211  215  229  230  231  242  249
220
214  235
228  232  236  250  251  255
218
208  209  213  216  218  227  233  241  250  251
227
219
221  248
213  218  219  228  231  235  249  253
224  240
213  223  233  240  242  244  245
218  221  238  243
217
220  225
244
231
210  218  219  251
215
212  215  217  221  231  233  244  245  252  254
233
232  243
223
213
237
205  206  209  214  225  237  241  242  249
216  251
226  229
207  220  228  250  252
230
208  217  238  242  244  254
233  234
232  246
207
217
232
205  230  234  235  247  251  255
211  248
211  247
219  224
232
205  206  210  223  227  233  243  246  248  252  255
205  220  225  231
207
250
206  209  222  238  242  243
212  216
210  214  235  242  244
228
208  209  211  222  238  248
226
251
223  229
222
247
209  213  214  222  224  253  254
206  218  219  222  224  226  234  237  252  255
206  229  237  253  255
211  217  222  235  236  240  247
205  211  232  240  243  253
233
210  220  222  226  228  230  231  254
216  231  238  239  250  251
230
212  243
224  237
219  221  222  223  235  248  250
229
246
214  216  218  222  234  237  252  255
224  225  228  241  245  247  254
230  245  246  250
219  234  242
209
210
211
212
214  225  241
248
211  249
213  218  222  224  239  245
224  245  251  252
250
213
206  239  244
205
207  209  216  218  233  247
244
210  215  216  218  221  225  244
212
211  223
213  221  229  236  243  246  249  252
250
214  220  221  224  228  230  255
255
227
212
245
219  224  242
208  241
225
215  240  244  245  251  252  255
229  246
210  213  233  245
206
209  219  223  229  231
207  226  234  235  236  254
228
206
246
245
229
211
242  252
207  211  214  227  240  245  249  255
209  215  218  220  227  234  238  249  255
219  246
228
253
222  223  229  245
209  222  229  233  239  251
242
244
208  214  219  221  225  234  235  236  239  249
211  215
248
230  238
220
238  252
220  232
229
209  235
241
221
217  220  224  225  231  237  251
217  240  253
206
214
255
255
236
222
224  227  232  236  241  244  254
247
209  214  229  237  238  246  253
221
205  220  245  248  250
221
212  222  223  229  239  241
237
213  216  240  255
229  236  238  240
212  237
207  212  230
255
250
213
211
243
232  245
230
205  211  228  235  240  243  251
221  225  227  233  235
206  213  230  231
224  225  226  228  240  243  245
207  215  229  232
205  206  217  220  222  231  252
234
212  215  228  232  233  252
210  222  228  229  234  237  242  243  249  251  252  254
206  249
207  212  242  244  245
213  216  219  221  222  230  231  234  237  248  252  255
248
254
211  219  220  228  237  244  249  250
220
239
224
229
231
228
228  243
205  213  238  244  252
232  250
223  239  242
207  229  232  236  247  254
205  209  211  213  227  232  234  243  246  251  254
247
221  244
211  219  226  228  243  249
250
232
209  212  214  224  225  239  248
206
242  245
246
206
210
247
226
246
212  214  224  225  227  235  246
207  248
245
230
249
214  223  236  249
205  213  215  216  225  226  242  252  255
242
209  215
221  243
206  251  253
208
219  220  222  223  226  230  231  233  234  253
221  253
228  238  246  248
207  240
208  217  221  239  240  244
208  213  227  233  236  238  255
220  236
219  227  232  244  252
216
254
210
246  248
206  214  226  229  234  241  242
219  229  243  249
227
229  235  242
225
214  232  237  245
244  245
250
243
214  221
241  243
216  232
216  253
219  221  233  237  245
214
225
246
207  217  220  234  249  251
221  228  230  235
235
231
206  211  214  218  219  221  228  230  232  233  236  239  253
216  221  223  229  237  241  249
236
210  230
206  212  232  237  242  244  249
228  248
223  250
250
206
230  249
240  255
208
211  219  222  226  229  241  243  247  248  249  250  254
208  234
219
232
206  229  244
205  209  212  218  225  226  229  237  243  252
208  224  227  230  251
241
210  216  226  228  230  241  246  249  250  251
205  229  235  251  254
214  237  251  254
219  245  249
242  243
223
212  214  216  221  226  227  237  238  246  251  254
228
213
229
205  208  211  214  222  224  232  234  243  244  247
231
228
207  214  216  223  230  240  242  244
207
220  226  228  231  232  239  246  251
208  211  212  220  228  238  244  249  251  253
229
222
206  208  212  213  217  232  241  245
213  222  242
217
217  218  245
237
210  223  226  235  249  253
205  206  208  209  222  244  246
253
244
205
208  210  220  226  228  230  236  251  253
229  230
206
210  220  224  230  237  242  246  250  252  254
218  223  226  242  249
207  214  215  220  222  227  240  242  253
218  220
207  211  215  226  231  234  246
251
212  222  225  230  236  242  246  249  253
250
212  222  225  229  230  245
224  230
217
223  233
249
229
228
212  226  240
209  214  215  220  224  232  247  251
212  250
254
233  248
208  210  217  228  234  246
205  210  221  222  227  239  240  241  250  251  252  253
242
228  252
206  209  233  235  239  240  251
217  226  230  235  242  249  253  255
217
230
214
213
236
209  211  216  221  232  236  248
222  228  233  238  241  251
228
221  224
253
211  213  219  221  241  250  252
207
205  206  222  227  234  235  237  239  253  255
216  238  239
232  243
221  249
233
205  206  214  222  225  233  234  252
242
248
205  208  215  222  225  229  230  236  245  255
223
208  225  229  253
211  219  221  222  231  232  248  251  255
243  254
212  215  226  227  229  254  255
213  225  232  246
211  223  229
254
205  254
216
228  230
207  215  219  222  227  237  239  245  253
214  218  228  230  242  255
210  216  219  220  223  239  242  247  248
226  233
215
210  211  226  228  240  244  246  254
238
206  211  212  217  222  223  227  247  251
227  246  250
208  212  216  217  238  239  246  253
219
227  229
209
232
217
210  213  222  224  225  232  235  238  247
213  214  216  227  232  240  242
214
249
248
242  252
209
231
222
219  248
230  234
205  209  210  229  238  239
219  251
224  232  251
217  225  231  241  248  251
208  209  217  244  252  253
224
249
219
252
238  240  242
230
239
205
208  210  245  255
254
249
220
239  247
223  254
207  210  220  227  252  253
217  246
219  241  242
207  229
216
214  228  231  244  245
232  249
239
248
208  248
205
224  254
234
213  233  240  242  243  252
236
255
211
246
210  211  215  217  219  222  223  225  227  251
226  236
211  228
206  209  211  222  228  231  241  242  245  251  254
229  240  244
228
254
206  232  252
206  217  230  238  242  249  254
206  209  213  214  237  245  252  253  254  255
220
243
225
227  229
205  246
208
231  253
231  232  236  243
205  206  244
230
205  209  212  214  217  239  241  252  255
210  218  219  222  231  242  247
244
213  214  216  218  219  221  234  240  242  251
224  228  245  250  251
240
231  251
240  246  254
218  230  239  240  245  252
205
227  243  250
230  234  244
243
245  255
241
255
215  224  235  239  246  250  254
231
249
255
217
242
249
210  218
242
215  238  242  243  250
224  226
218  234
304  305
268  282
262  283  286
294
265  285  288
262  270  271  280  291  299  304
260  301
257  281
256  264  283  296  297  299  300
263  274  289
278
264  284  289  294  300
272  284
266  294
259  264  267  277  291  295
256  262  264  269  278  281  286  291  300  303
266  292
261  267  269  279  298  300
257
301
269  272  276  279  286  291  295  306
265
280
260  280  281  282  287  291  294  304
306
259  269  271  273  296  300  305  306
279
273  299
265  306
257  266  269  272  274  290  293  296  297  301  302
263  279  285  286  293  303  306
270
260  263  288  298  300  301  305
257
263  300
270  292
274
257  260  271  273  291  294  303
259  263  265  274  280  281  287  293  301
288  294
277
278
262  276
257  272  273  283  286  293
276  282
287  291  297
289
261  274  279  281  289  298  304
275  294
306
277
257
256
282  296
263  269  282  296
268  269  273  276  281  285  289  300  305
275
284
257  258  281  288  294  298
265  267
276
262  269
301
297
286
256  259  263  269  275  277  284  299
306
258  262  267  270  278  280  285  286  292  298
272  273
272
302
271
258  263  265  279  282  283  294  296
281
262
259  261  263  289  293  302
269  274  278  289  299  300
257  259  260  264  275  277  280  288  293  297  298  300  301
290  296
257  259  277  284  285  305
263
293  294
287  300
269
298
260
257  259  265  273  288  289  305
262
268
259  273  276  279  282  286  289  290  294  299
267  299
276
301
298
290
275  276
258  263  269  274  287  302  304
259  263  269  274  275  289  298
273  274  276
257  266  268  274  289  290
262  263  269  276  287  302
287
258  264  267  269  270  271  286  294  302
261  279
260  272  273  276  286  292  295  302
261
277
279
298
284  286  300  304
266
263  267  268  281  284  286  300
285  296
259
259  273
276
263  267  278  279  285  287  290  305
279
288
294
298
262  266  285  293
301
257  258  264  266  272  276  278  287  292
272
264
269  276  300
279
259  261  265  267  284  285  292
257  273  277  279  288  293
261
261  263  268  274  282  303
260  263  286  306
272  281  284  286  288
267  285
291
259
267  276  277  282  286  296  300
258  294  295  306
262  301
264
257  261
261  271  273  274  276  285
275
297
261  269  271  286  287  306
262  264  273  281  303
264  275  279  280  287  289  294
265  266  269  276  295
259  261  268  269  278  284  286  287
289
261  263  266  278  279  294  299  300
283
260  261  268  287  305
273  290  297  299  302
292
302
264  273  300  301
281
257  302  303
278
266  269  275  276  279  282  290
274  279  299
265  281  302
291
284  306
279
280
256  268
261
290
306
265
257  263  264  265  267  277  284  300  305
262
260
278  288
257  273  281
261  268  274  276  296  297
294
257  260  274  277  280  285  287  291  304  305
260
268  286
259
261  267  272  273
258  261  264  269  272  281  282  291  294  295  297  299  303
263  264  277  293  294  300
298
263  279  289
303
281  303  304
278
260
257  271  286  294  296  300  301  303  306
257  258  265  280  289
277
257  277  297  301  302
260  272  276  285  291  301
275
276  279
256  290
286  298
278  279
260  305
258  272  287  306
262  263  276  278  286  291  292  301
290
277  278  286  294  295  296  304
260  262  271  284  288  290  296  304
260
267
282
294
261  267  270  284  300  301
306
294
267  269  272  276  286  290
303
259
278  296
283
286  296  302
259  261  263  274  276  278  291  297  302
287
270
262  264  266  277  279  286  291  292  295
256
273  297  300
303
259  260  294  298  301
261  276  283  285  300  301
279  281  290
275
287
268  287  295  302
306
290
264  276
297  303  304
276  280
263  283  289  302
266  267  273  277  290  303
306
269  295
267  283  285  287  288  290  303
278  294  303
288  295  297  299  301
280
267  295
273  277
259  304
259
286
263  277  280  283  287
296
289
279  303
285
263
257
262
265  267  277  278  279  285  295  303
284  299
274
279  303
258  262  265  267  276  280  290  305
257  273  284  292  296  300  305
261  274  301
270  276
256
260  264  272  274  282  301
283
268  277  281  285  286  292  293  303
271
264  270  276  281  284  289  291  295  303
262  272  280  284  286  287  288  290  291  306
274  280
267
265  272  277  281  299  300
271
267  270  278  279  285  286  287  300
296
259  272  276  278  290  294  298  306
295
256  270  290  300  302
276
262  265  266  269  272  276  281  286  287  295  299
263  271  273  279  287  290  300
286
284
277
261  288
270
281  289
267  278  293  305
269  276  283  299
256  259  269  274  280  284  299
298
260  263  275  276  277  278  286  296  306
279
280  288
269  281
283
276  300
301
275
277  296
288
256  261  279  282  286
256  261  266  281  295  299
259  300  304
266  271  278  282  294  303  305
281
263
286
264  269  295  297
260
277
263  273  279  290  295  303  305
281
257  265  268  271  272  273  277  283  287  288  298  300  304
272  287
272  273  290  295  305
297
259  265  271  275  280  282  293  295
257  268
256  282  285  288
258  259  268  280  293  297  304
268
275  301
289
257  297
262
259  280  286  291  298  301  302
266  273  279  283  288  291  293  302
258  270  280  282  283  286  287  288
300
260
256  282  283  286  296  300
283
276  293  294  297  300  302
258  270  279  282  284  289  294  304  305
263  267  288  293  296  301  306
261  265  276  282  296  306
267
287  301
263
259  262  278  281  284  288  291  304
281
301
291
257  279  280  286  292  303
267  268  270  277  293
277
259  268  280  287  292  302  304  305
258  260  262  265  276  278  291  294  299  300  302  303
294
269  275  279  282  287  294
268
277
291  295
261  266  267  273  279  282  289  291  293  299  301
257  276  284  296  304  305
257  258
303
276  283  284  287  289
266  283
306
261  274
260  264  268  287  294
256
263
296
258  262  269  276  280  290  291  294  298
275
261
300
257
276
264  282  303
303
266  283  289  295  298  302  303
258
256  257  259  265  275  276  282  283  292  293  304
293
289
286
265  270  278  282  295  299  302  304  305
256  259  263  270  271  285  302
303
267  299
257
305
270  290
265  283
257  271  276  284  286  288  289  297  302  304  306
256  257  258  259  273  286  289  290  305
260
272
285
305
260  276  278
286
260  292
263  267  272  277  285  286
283  287
281
287
256  258  264  265  269  270  280  281  287  289
260  269  274
283  303
273  292  301
262  279  302
258  261  276  279  294  302
270  301
262
299
265  271  274  275  282  297  304
257  287  291  296  297
289
258  264  272  288  302  303
300
289
281
276
288  296
288  301
256  257  275  276  281  301
298
264
259  260  261  262  293  295  299  302
300
275  301
281  288
300  303
294
276
295  300
306
294
265  267  271  292  303
257  262  269  295
273  287  290  301  304
267  286
265  269  270  280  296  298  300  306
259  267  298  303
264  267  273  274  280  281  286  304
256  266  272  275  278  282  298  299  306
264
260
261  278  281  286
267  275  276  277  286  290  293  297  300  301  303
280
274  295
259  295
283
259  295  304
267
288  304
256
257  261  289  303
262  277  280  287  297  302
286
259  263  269  272  279  281  286  290  291  292  296
271  277  283  306
288
300
258  262  275  285  290
267  269  276  289  293
290
301
281
257  261  263  275  276  279  301  304  306
259  269
265  299
290  295
256  261  273
256  282  297
263
272  299  300  304  305
262  271  292  300  306
261  272  280  296  299
263  289  298  301  302  304
281
278  293  294  300
260  263  271  273  276  280  302
276
280  286
259  267
259  265  274  278  294
260  288
261
288
278
275  285  302
288
264
278  290
276  300  304
280
285
269
262
312  315  318  323  324  330  331  340  353  357
323  329  332  333  356
310  325  338  342  347  356
326
314  316  337  350  351  352  354
354
317  345  346  357
308
355
323  329  353
315  317  319  324  326  333  334  349
321  350
318  336  344  350
348
317
320  323  329  340  341  345  347  351  356
310  311  337  350
312  340
307  311  322  323  333  352  357
314  328  332  340
318
334
329  344
340
334  337
311  325  336  343
321
313  319  323  327  349  353
313
353
328
312  319  351  354
309  312  318  337  339  349  356
340
324  345  348
344
316
321
340
322  352
357
338  341  343  349  352
312  315  332  338  339  343  349  352  354
311  312  315  317  322  336  337  345
318  329  346  351  353
309  311  316  318  323  337
317  318  326  330  332  337  355  357
331
332
320  337  343  351  352  355
322
344
327  335
340
352
318  354
315  341
317  337
314
344
310  316  323  324  330  331  345  350  356
351
322  323  343  344  347  349
333
312  314  315  318  326  357
348
309  317  331
340
340  341
337
315  327  329  337  339  349  353
331  339  343
346  347  350
348
343
339
311  313  317  319  324  325  336  344  354
340
335
314  332  340  346  349  353
328
322
357
312  314  315  319  320  326  327  330  342  348
352
342
308
307
316  321  339  344  350
339
341
331
343
350
310  324  331  334  343  348  351  354  356
356
322
307  309  310  315  330  333  352  354
308  315  338  350  351
313
332
312  352  356
307  322  326  329  353
328  341  350
309
354
340
340
335
330
307  334
327  331  333  341  348  356
332
331
337
350
339
326
322
331
314  318  328  331  343  344  350
329
308  317  327  335  339  345  349  350  353
337
309  312  313  317  330  338  344  357
317  318  319  339  344  349
319
307
353
307  312  324
354
353
308  309  311  318  327  330  354  357
332  339
339  340
320  333  338  342  348
331  333
327
351
318  348
345
310  316  321  324  341  349  353
329
351
311  322  329  331  333
324
308  310  329  330  351
336
331
323  344
309  319  326  327  334  337  339  342  343
315
333
351
307
341
324
355
309
320  325  327  328  335  337  354
331
351
308  319
355
327
330
308
313  331
312
338
310  332
317  319  338  349
344
323
355
316  343
312  316  331  338  341  346  347  348  349  357
311  314  329  339  344  350  351  352
330
326
321
323
307  321  324  343  347  348
332  334  335  340  341
333
309  315  321  324  326  331  335  340  344  346  347  352
334
315
333  336  344  352
316  317  322  343  345  353  356
330  354
327  345
308  316  321  346  350  354
307  308  312  315  324  343  350  354
312  314  315  330  335  336  339  346
311  315  317  318  320  322  328  342  353
313  328  330  334  345  351  352  355
336
352
344
334
326  348
315  323  327  329  349  355
321
319  322  338  342  353  355
307  313  325  328  343  347  355
312  323  337  348  355
330
345
310  331
313  343
318  323  352
335
340
325
314  323  331  337  343  352
321  325  337  342  346  350  352  354  355
353
312  321  322  328  341  344
307  312  314  317  356
308  313  314  318  326  329  335  342  347
350
333
341  344
321
307  312  313  322  328  347  354  357
309  314  323  331  341  346
312  325  326  332  343  352
345
333
307
326  338
307
349
334
319  320  327  331  333  335  337  354
309  312  316  329  335
322  325  342
307  319  320  328  332  340  342  348  352
314  321  324  333  351  357
307
308  315  321  326  333  341  347  356  357
350  355
352
329
318
307  308
333
310  312  317  320  345  348  354  357
311  314  315  322  333  336  338  356
311  341
321  326  333  334  339  344  345  355  356
324
321  355
312  315  318  321  325  330  334  349  351  354
325
312  317  338  347  349  350
337  344
326  355
329
344
319  325  326  335  341  343  350
321
309  310  315  324  329  330  331  332  338  340  357
314  341
314
334
307  309  323  326  327  332  345  347  348  356
315  324  327  332  336  342  346  353
307  308
308  309  311  318  322  324  343  350
314
308  309  330  352  354
307
326  332  345
317  328
340
318  323
329
355
307  323
320  339  345  346  348  352
312  319  327  332  338  342  348
340
314
326  334  354
319  329
345
340
307  309  332  337  341  350  351
332  341  355
308  318  328  336  340  341  353  354
315  337
327  352
315  321  322  342  357
353
309
329
355
334
327
347
327
312  315  317  320  321  329  331  337
307
307
326  347
321  325  329  333  341  353
322
311  345
307  310  312  331  334  336  342  345  354
319  349
321  328  336  340  346  349
333
323
322
321
321
314
322  325  327  331  334  340  343  348  354  357
308  309  316  323  324  326  334  335  338  344  347
311  313  326  327  328  331  337  345  354  356
326
335
322
356
331
313
307  318  319  322  327  332  334  340  350  353
336
323
331  354
309  322
313  324  331
346
312  335  336  342  345  347  348
315
311  334
307  313  326  329  343  346  356  357
311  316  323  329  340  344  345
312  326  328  342
349
311  323  326  338  342  344  345  350  352
309  312  316  317  331  337  341  349  351  354
312  317  328  333  334  343  353
327
352
325
312  314  322  331  334  345  354  356
315  338
308
337  355
329  336  341  354  357
352  354
345
315  316  320  328  329  332  353  356
344
321
346
307
316
357
308  310  315  325  330  337  347
349  353
308  315  324  327  331  335  345
349  357
328  353
309
340
312
332
307  320  335  338  349  354
317
313  326
313
338
311  323  351
347
311
345
321
313  316  317  340  341  342  351  353  354
323
307  308  346  349  352  353
314
326
318  327  330  344  345  351  355
320  321  325  327  332  338  350
357
308
337  339
316
343  351
330
309  316  324  333  337  339  346
309  317  325  332  341  345  357
312
309  346
313  326  332  333  339  346  351
317  319  320  341  343  344  353
319
329
322
329
308
332
344
327
326
330
311  314  322  323  329  345  351  353  356
331
319  320  326  343
312  313  314  321  338  340  343  345  346
320  321  323  327  336  337  352  354
320
337
325
338
314  318  319  320  321  323  325  343  355
307
307  314  315  316  324  327  328  342  343  345  350
321
317  330
317
350
323  326
330  346
312  330
350
324  326  335  336
323
333
307  310  319  329  331  335  355
314  347
351
312  315  323  327  340
322
312  335
341
354
357
310  317  332  335  351  352
345
307  319  320  322  326  338
320
310  337  351
353
308  324  329  333  354
307  311  317  332  345
311  316  318  321  331  333  338  357
326  352  355
316
346  351
310  311  319  323  325  336  339  353
314  320  339  342  348  354
343  350
315  316  330  333  335  356  357
311  319  328
308  341  344  349
343  347  351  357
345
328
320  340
312  319  322  330  333  352
325
308  322  339  340  346  349  352  353
307  318  324  355
326
337
352
337  354
344
328  344  351
312  352
316  331  333
308  310  317  330  331  334  335  340  341  346  356
341  342
310  312  317  326  346  357
315
317  321  322  348  354
333  350
308  315  316  319  330  346  351  352
336
326
312  327  333  337  348
336  346
320  325
333
318  334  346  350
308  313  330  351
308  309  318  324  340  343  353  354  357
343
353
342  344
308  356
316
308  345
323
308  311  327  346
307  330  332  349
307  308  321  340  344  355
328
388  404
360  370  371  377  385  388  403
378
364  365  371  376  390  397  399  403
369  372  380  387  401
363  365  368  373  374  377  394  398  403
378  408
369  371  372  382  387  392  397
394
382
380
360  363  384  386  389  391  397  400  401
387  394
363  386  401  407
379  399
361  362
397  403
363  394  407
377
370
363  367  372  376  380  399
364  375  379
368  381  383  385  393  401
362
365
403
361  362  378  381  392  399  401
389
361  371  373  384  388  390
363  369  386  395
365  370  384  403  408
358  365  369  378  383  391  395  404  406  408
382  395
378
375  390
358  363  372  373  374  380  383
360  363  369  377  380  385
370  379  383  388  406  407
366  392  394
366  368  369  388  392  397  400  401  406
407
360  372  380  383  394  402
363  364  366  368  370  374  385  393  395  397
381
358  379  380  396
358  359  375  382  383  393  399  406
381
359  368  374  383  386  393  395  396
360  364  367  369  374  387
361  369  385  407
361  383  393  398
361  379
367  386
398
377
366  393
381
401
364
361  367  395
374
362  393
367
384
364  369  370
374  377  380  393  394  395  399  402
359
382  402
400
375  407
364  391
370  377
363
372  376  377  380  396  404
375  393  397
374
370  393  406
381
372  388  390  397  405  408
359
403  408
382  396  405
398
399
365
383  385  387  395  399  402  403  408
375
404
378
363  369  370  374  384
359
362  373
408
408
374
361  366  376  381  382  391  395  407
364  367  371  375  378  384  390  397  402  403  407
363  364  379  386  391
367
363  369  383  386  394  408
406
365
360  361  362  363  377  381  382  395  401  404  406
360  369  374
370
359  363  395  404
391
361  374  381  390  392  393  394  398
389
369
358  359  380  385  400
365  366  377
380
362  405
379
364
359  361  363  371  376  378  394
373
373  396
376  399
408
362  408
374
361  363  368  375  376  384  401  404
359
402
407
398
368  381
394  406  407
394
362  394
386  397  399  401  407  408
364
362  363  365  378  381  387  388  401  402
395
375  392
374
370  377  382  389  390  394
364  375  384  397  402  403  404
379
362  363  366  384  393
359  371  376  377  385  388  396  398
367  371  380  382  383  384  394  395  400  401  403
359  360  375  379  393
369  374  384  386  388  398  407  408
360  363  376  379  381  397  401  404
376
389
380
359  362  365  378  386
400
359  369  395  401
369  373  380  386  393  395  403  408
399
403
371
361  368
385
363
359  360  369  395
377
363  399
382
403
362  365  368  379  397  400  403  406
359
384
378
371
378  403
393
366  368  372  390  395  406
402
364  372  373  374  382  384  387  388  389
370
363  369  388  389  395  402
383  390  396  400  407
362
360  367  369
400
362
360  362  367  371  383  385  394  396  407
381
375  380  395  402
385
385  396
359  363  381  396  401  404
358  383  388  395  397  403
365  368  371  376  380  387
362  366  371  375  393  395  400  407
386
375  385  393  395  396
363  408
381  395  396  401  402
366  385  392  394  402
369
358
371
394
390
366  383  391  396  401  405  407
387
361  372  375  395
364  392
390  402  407  408
399
361  363  371  375  376  388  397
379  398
374  385  393
367  372  373  379  381  393  403  408
399
358  360  361  365  374  385  402
365
370
366  393
363  390
365  368  373  385  397
374
358  361  363  381  383  386  390  397  405  408
396
405
375
359  362  364  370  372  403  405
364
400
381
386
363
380
403
381  394
395
362  374  376  396  398  404
393
381
361  378
365  367  376  379  383  389  404  407
361
392
366  368  381  386  391  393  395  397
393
400
370
397
360  402
381  393
384  395
360  365  374
360  370  380  389  393  396  397  401  406  408
360  370  372  376  386  389  402
385
370  384
362  366  368  372  381  384  387  394  395  403
378  390  400
372  380  390  391  400  406
360  362  363  368  369  370  371  389  390
398
361  366  380  384  388  389  390  398  402  403
360
367  370  373  378
397
360  364  371  398
364  374  375  386  388  404
364  366  389  391  392  406
388
374  386
379  393
358  368  381  391  394
390
379
382
369  408
369  371  379  385  390  392  405
396
358  369  377  381  392  396  401
360  366
358  391  407
380  389  402  403
363
362  364  368  376  381  383  395  397  400  405  406
367  368  369  372  379  383  388  390  407  408
364  375  382  386  388  397  405  408
370  378  386  396  402  405
362  374  375  379  386  389  398  403
394
400
376
358  359  367  371  374  385  386  387  401  404  405
375  395
391
372
361  367  369  370  378  382  385  391  397  406
373  383  394  395
360  361  364  368  374  379  380  382  384  401
358  376  394  402  403
361
398
361  405
367
362  367  368  370  375  384  387  397  398  400  405  406
375
362
367
358  374
362
407
363  370  374  382  385  390  394  408
380
404
367
361  374  377  384  388  390  394  400  404
367  368  370  385  392  395  406
362  366  372  380  400  407
387  404  408
397
361  368  370  390  391  394  400
399
368
375  395
407
360  370  374  386  400  401
393
364  370  395  397  399  403
361  362  367  375
359  360  371  372  376  397  402  406
380  382  391  394  403  405  406
363
359  366  377  385  386  389
364  370  388  398  402  404
406
375
373  376  389  399
368
404
377
390
371  373  380  396
366  369  370  379  381  386  387  393  395
358  368  383  384  398  407
368  394
397  399
367
360  367  408
359  360  387  389  394  399
403
390
392
371
368
364
384
359  362  373  379  393  400  405  406  408
360
389  402
360  372  373  376  383  385  390  398
403
364  376  387  394  400
405
379
366  379  387  392  394  396  402
363  380  397
359
383  402
369  381
383
366  371  387  390  395  399
371  376  381  382  389  390  391
362  380  387  389  402
391
375  385
366  380  385
396
378
362
361  407
373  380  397  400
366  400
379
404
374
385
358
370
392
368  377  381  383
382
393
405
369
375
382  389  390  397
385
408
402
360
361  372
395
361  362  380  381  394
372  374  378  388  400  401  405
383
366  367  378  381  384  394  405
384
398
362
369
378  380  384  391  397  402
383
361  365  368  377  378  384  385  386  392  393
372
370  383  393
360  365  375  385  396
362  377  379  380  387  392  393  395  405
358  359  366  371  372  388  392  404
361  372
362  370  372  396  402  407
391
369  372  388
376  377  381  392  393  399
380  388  398
408
408
380
384
360
376  384
360  371  375  385  390  400  401
384
368  378  399  408
379
376
363  369  372  379  383  394  406
359  365  378  383  391  407
369
367  370  394  402  403  404
392
358  362  364  369  374  387  388  390  405  407
366  391
365  374
408
371
377
358  364  368  375  397  401  402  408
371
382
367  374  376  378  385  387  398  407
358  359  365  386  389  393  405
362  369  389  391  395  396  405  406  408
365  372  379  396  402
375  378  398
362  369  373  386
360  365
361  375  388  396
375
363  365  366  379  394
360  363  367  387
363  365  390  391  394  402  408
362  380
405
395
370  383  391
359  364  380  381  388
362
358
404
373
361  391
384  385  390  400  401  402  403
358
368  382  403
389
396
373  374  378  380  398  408
358  359  383  391  394  395  401  408
369  374  381  396  406  407
391
362
367
389
382
369  406
394
376
399
375  390
377
364
373  393  398
360  394  396  402  405
407
382
365  373  391  392  393  406
379
359  371  382
378  380
359  360  366  372  389  395  408
361  370
363  381  403
363  378  382  383  384  393  396
374  375  400
371  378
365
366  367  378  395  402
426  435  446  450  454  457
432
410  421
416  426  428  435  441  452  457  459
412  431  439  442  455
439
446
413  419  420  431  432  435  437  444  448  449
450
431
437
421  426  437  452
413  414  418  422  431  435  446  450
449
410  413  421  427  454
412
430  443
437
423  424  426  434  436  456
449
453
409  422  439  449  454  455
433  445
433
427
409  413  418  419  429  441  447
415  416  417  423  425  430  437  439  442
412  416  422
420  436
458
441
410  415  425  431
414  415  423  426  434  435  437  440  441  444  449  450
447
434
447
437
422
418
413
453  455
450
424  435  437  442  455
438
409  411  418  427  428  447  455
435
410  436  440  442  454
411  447  450  454  458
437
420  422  424  427  431  437  438  442  446  451  459
439
431
420  434
410  423  431  435  445  448  456
434
449
449
420  443  452
417  429  436  453  457
415  437  457
409  410  411  412  413  414  415  416  417  418  419  420  421  422  423  424  425  426  427  428  429  430  431  432  433  434  435  436  437  438  439  440  441  442  443  444  445  446  447  448  449  450  451  452  453  454  455  456  457  458  459
446
450
438
435  437
422  424  434  442  449  450  451
415  423  438  441  447  453  454
410  412  413  415  423  438  449  455  456
456
426
413  432  434  449  451  454
440  446
426  431  432  440  451  452  454  456  458
410  418  420  421  422  431  439  446  454
412  442
458
410  432
432
430  437  447  451  457  458
431  451
427
424
428  447
409  410  411  412  413  414  415  416  417  418  419  420  421  422  423  424  425  426  427  428  429  430  431  432  433  434  435  436  437  438  439  440  441  442  443  444  445  446  447  448  449  450  451  452  453  454  455  456  457  458  459
411  455
449
433  437
410  427  432  436  437  440  442  445  449  455  456  458
451
412
422  444  452  456
429  444  447
437  456
409  410  428  441
426
414  417
414  423  432  439  446  448
412  427  433  448
410
448  454  456
427
450
412  430  442  445  449  453
449
430
421  422  436  456  458
414
414  426  438  440  441  442  446  452  454
430  444
440
444
459
446
442
421
455
439  442  453
411  414  415  424  442  446  447  455  457  459
416  422  423
456
440
424  427  431  434  450  452  456  457
416  422  430  450  454
416  419  423  431  436  442  444  447  453  456  459
431  437
424  433
412  456
440
428  445
409  412  422  423  452  459
412  414  428  450  453  459
450
413
438
409
427  438
452  455
441
428
413  454
412  418  419  423  425  430  433  437  446  452
414  416  423  437  438  449  457  459
450
410  425  426  435  447  448
418
412  415  425  428  433  437  450
418  425  432  440  442  452  459
416  445
419  433
411  412  418  419  424  436
424  431
430
418  421  425  437  448  452  455  457
423  431  435  437  450
438
415  440  449
411  413  418  425  426  431  432  444  447  450  451
414  429  430  434  440  441  443  451
440
425
456
454
418  419  427  443  450
409  411  420  422  426  435  442  452
422  445
415  436  454
439
410  437
435
428  439
412  419  420  421  425  435  444  445  447  453  457
415  445  453  458
410  417  426  434  442  443  446  450  453  457
417  426  429  436  440
442
426
411  414  418  422  426  430  445
426
428
415  457
424
431  442
409  440  443  450  458
427  451  456
445
445
437  459
435
412  422  427  429  431  436  437  438  442  456
452
415  418  432  442  444  447  448  450  456  458
445
414  415  416  430  432  437  449
412  419  447  450  457
431
409  456
435  443  451
416  421  422  428  429  430  438
423
441  442  447  448  459
414  415
455
415  432  443  448  452  455  458
423
414  415  434  439  450  456
427  428  431  439  444  448  450  458
459
409  412  422  430  436  441  447  454
425  442  445  447  448  458
412
413  421  436  438  451  455  458  459
418  429  432  436
418  429
446
433
426
414  428  432
456
453
454
415  423  434  454  458  459
441
443
418
421  451
438
409  437  438
413  419  445  447  456  459
449
458
414
412  414  418  426  429  442  456
425
414  424  431  436  442  449  458
436
442
431  457
426  457
412
422  442
410  451
459
417  427
415
409  414  421  422  423  427  428  432  437  438  446  454
450
415  420  423  428  440  443  447  452  459
423
418  421  431  432  434  437  458
428
430  442
415
421
427  428  438  443  450  452  456
412  413  424  441  457
432
411  413  417  420  438  440
416
413
415  416  418  423  424  427  437  439  440  445  457
412  414  422  439  443  444  446
456
419  423  424  429  433  434  438  442  450
415
410  419  422  423  438  440  458
410  421  426  435  438
435  446
416  459
451
428  432
414
414  421  423  431  442  449
415  426  429  431  433  454
412  417  442  451  456  457  458
418  426  434  436  442  450  452  456
447
419
412  422  426  435  444  446
428  430  431  433  434  458
425
415
424  431  436  437  438  439
427
413  417  439  440  445  447  448  451
436
410  411  431  435  445  447  449  450
412  425  428  430  438  453  458  459
440
416  420  429  431  432  454  458
410  414
428  456
417  420  427  429  434  440  444  453  454
439
409  439  452  458
412  413  416  430  442  448  452
437  442
442
424  448
447
458
410  437  444  449
437
416  419  424  447
413
446
414
430
456
449
428  458
427
419  426  432  437  443  444  445
428
424
443
416
409
438
411  412  414  417  419  420
434
442
421
413  425  426  437  442  444  446  452  453  454  459
412  420  421  433  439  441  444  446
422  433  444
410  413  431  456
449
409  412  422  428  430  445  447  453  455
450
442
428  431  437  440
433
409  414  436
430  439
416  417  421  429  432  433  446  447
411  428  429  441  448  449  452  453  459
412  428  436  439
447
410  421  434  446  451  452  457
413  424
428  447
411  422  424  427  431  433
439
415  422  430  433  438  445  452  459
442  444  453  455
418
430
453
418  422  423  426  428  437
409  422
417  439
414  425  436  447  453  458  459
435
421  435  443  445  457
453
449  457
454
416  418  437  451
439
410  413  422  436  441
415  425  427  432  439  442  445  446
430
421
425
441
409  418  433  434  440  451
424  440  443  450  451
418
410  434
420  423  429  431  435  437  443  444  447
418  435
427
414  415  416  418  429  432
450
413  431  433  446  452
427  430  451
409  421  423  433  441  445  454  459
410  411  422  434
415
449
418  427
409  419  427  430  435  444  448
412  426  433  435  439  440  444  446
446
435
440  444
417  418  428  440  441  455
428
415  419  422  442  447  455
414  421  426  432  447  450
412  420  445
428
413  417  427  428  433  446  447  452  458
426
453
413  434  436  441  446  449  452  454
410  413  429  430  434  443  456  458
414  454
422  449
429  448
447
409  455
453
414  415  424  432  436  441  442  449  451
409  414  441  446
413  415
416
437  451
420  440  443  445  455
449  455
440
451
415  426  428  433  435  444  448  449
453
422
409  424  429  430  434  439  442  451  455
419  428
413  415  417  455
419  424
457
411
422  430  432  434  437
420  433
433
409
422  434
417  425  436  444  447
409  419  427  428  438  442  448
409  421  443  444  447  449  455  457
410  414  418  420  421  447  450  459
414  420  422  428  435  442  443
421  427  429  434  436  437
447
431
456
414  422  426  427  430  442  443
449
413
410  422  442  459
435
412  444
444
410  425  448
458
438  446
419  422  429  434  437  452  454  457
410  417  418  419  432  435  443  447  448  453
454
448
423
433  434  452
414  443
447
417
421
451
450
434  439
427
409  454
420  427
437
444
442
429  430  433  435
412  419  420  422  423  424  426  437  452  457
412
424  435
419
428  432  437  447  453  455  456
435  441
441
421  431  432  438  446  450  456
411  430  435  440  443  450  452  454  455
416
416  423  435  437  439  445  448  450  454
417  447
431
434
428  443  444
415  419  434  440  450  452  455  458
420  442  446  455  457  458  459
413  429  435  438  444  450  454
409  428  430  449  457
421
423  429  435  436  441  451
454
439
412  413  423  430  441  449  450  457
439
422
445
416  426  433  435  437  439  447  453
457
453
417  420  421  440  459
451
409  411  416  427  434  439  444  458
409  413  424  436  446  448  452  454
425  434
418
430  440
450
483
463  474  479  496
462  466  472  477  482  483  506
462  464
507
466  469  483  488  493  508
482
480  501
462  468  508
461  468
463  483  491  506
460  464  483  488
492
468  474  479  485  491  496  500  504  508
470  484  489  492  495  496  503  504
498
504
498
494
503
461
461  476  482
472  498  502  508
471  473  475  478  479  483
485
466  474
496
465  469  482  489  493  500  508
477
495
462  473  480  481  484  495  499
470  480  487  494  495
478  480  492
460  495
478  482
466  473  478  488  493  494  495  498
481
473  479  496  500  503  507
468
496
471  492  503  509
482
495
489
461  478
489
498
489
480  488  491  497  504  509
473  475  479  482  483  485  487  488  493  495  502  506  507
488
503
469
503
463  466  478  486  500  509
477
462
460  475  477  504  506
461  481
464  465  507
491
489
477
461  465  468  470  479  481  488
470  503
488
464  468  471  476  480  482  486  490  496  498  504  509
489  508
487
461
460  473  485  487  490  496  508
503
460  461  462  463  464  465  466  467  468  469  470  471  472  473  474  475  476  477  478  479  480  481  482  483  484  485  486  487  488  489  490  491  492  493  494  495  496  497  498  499  500  501  502  503  504  505  506  507  508  509
497
460  462  466  471  472  482  485  488  489  508  509
468  476  486  490  492  503  505
493
465  482  484  486  490
465  490  495  502  505
470
461  481  486  502  504
481  507
465  477  484  495  499
461  463  466  486  492  499  506  507
462
482
473  478
473
483
461  463  465  471  482  494  497
504
489
464  465  469  477  481  495
474  488  491  504
465  487
475  483  489
472
474  481  485  489  494  497  500
471  473  474  483  489  509
489
477
469  478
504
472
485
481
478
503
462  466  475  499  500  502  508
460  462  463  468  491  503  504
470
472
480
464  479  486  490  503  505  506
472  488
489
476  481
470
463
489
473
488
460  467  476  479  487  492  493  504
487
484
498
468
471  475  477  485  503
463  465  466  482  491  497  507
482  493
492
507
468
463
468
506
474  477
483
469
461  507
468
506
506
466  479  484  485  500
460  461  463  468  507
466  471  479  492  503
486
481  506
501
482
478
468  483  509
480  481  485  497
491
498
460  474  475  481  485  486  492  504  506
460  461  464  471  479  484  487  489  490  492  503  505  507
504
463  470  476  479  480  483  486  496
479
468
490
477
478  497
468  482  485  489  490  497  498  501  509
492
460  461  468  469  489  494  509
465  473  486  492  508
467  473  487  489  494  499  503
488
464  469  491  500
486
469  472  483  499  508
483
503
463  465  469  477  488  505
498
461  467  480  505
494
468  479
465  490
481
471  485  489  499  503  505  507
489
465  472  488
501
485
481  488
474  479  493  495  503
478  484  488  494  507
464  468  496  507
469  508
469  476  483  497  502
484
473
461  462  481
502
471  474  489  506
464
477
489
466  481  488  499  500  501
472  483
474
465  478  499
482
503
462  476  481
498
480
501
465  493
485
476  488  505
468
460  467  481  492  493
461  486
466
471  473  475  484  490  494  505  507
480
468  469  470  475  481  483  496  500  501
498
490
494
469  483  500
465  493
466  469  482  498  504
498
465  468  486
488  501
462
481  488
465  492  505
466
502
467  479  486  487  503
460
472  495
490  492
465
469  492  498
505
471
470  483
483
470  472  479  488  490
463  466  468  469  473  476  477  478  492  493  500
461  464  469
483  496
470  489  490  505
499
468  471  475  485  490  491  501  503  509
461  463  469  482  486  493  507  508  509
507
479
474  500
493
489
468
467  480  485  488  490
480  486
461  480  486  505
477  498
486  509
479
471
463  485  507
471  472  477  479  480  503
462  472
468  470  509
485
490  493  496
473
461  488  500
500  508
465  475  480  481  482  485  503  504  506
464  476  490
503
487
469
461  466  481  496  501  508
463  486
483
486  493  498
481
470  478  481  484  507
483
460  484  495  499  504  506
464
489  507
483
504
498
470  486  491  493  496  502
464  475
463  495
468  482
480
471  476  484  489  493  501
504
467  468  478  493  503  505
461  463  468  474  476  480  482  485  493  495
473
462
473
473  478  481  482  486  493  504  505
493
474  493
472
464  468  486  498
501
488
478  505
496
462  469  474  479  484  489  502
488
472  494
485
466  471  482  489  490  493  503
462
460  477  481  482  486  493  496  500  508
469
460  463  484  490  491  501  503
460
465  475  497
465
467  469  470  472  480  481  493
496
477
501
478
504
480  485
460  467  469  473  475  483  484  487  492  508
498
463  466  469  480  497  499  504
460  473  474  481  483  487  507
482  495
468  479  481  489  495  499
477
471  474  475  480  495
469
460  464  467  472  473  479  498  503
469
464  471  476  496  501  504
461  474  492  500  503  508  509
460
474  488
503
471
465  468  471  472  476  479  481  497
499
469  484  506
482  490  499  502  504  505
465  466  468  469  477  489
482  497  501
474
468  478  481  486  491  501  506  507
499
476
473
461  463  480  481  485  486  489  495  498  503
462  471  472  475  477  490  493  504  507
475  482
488
462  463  471  481  492  502  503  507
487
460  479
492  498
485
481
461  474  476  487  488  491  494  500  502  506
481  485
474
474  484  489  492  502
492  507
478  480  486
471
466  468  473  478  483  486  488
464  484  487  489  493  497  506
498
500
460
468  475  476  478  482  487
479  503
476  480  481  486  491  494  502
461
491  506
488
486
464
461  493
477  489
463  483  489
473
489
495
461  462  465  474  475  498  508
485
463  464  466  471  474  483  492  509
464  472  475  478  481  501  505
479  481  490  497  500  506
463  473  478  480  494  501  503  505
486
482  484  502  505  506
460  466  468  470  478  488  492  496  497  502  506  508
485
462
461  463
461  471  475  477  480  485  489  490  493  506  507
479
480  508
464
465
462  463  485  495  497  498  501
504
463  470  474  486  487  494  499  502
470  474  485  487  490  500  502  509
470  472  475  480  492  493  508
505
463  466  481  488  501
506
464
507
471  496  500
461  475  479  487  507
508
462
490
466  471  473  478  501
492
462  463  472  484  489  501  502
488
464  471
481  497
493
470  478  482  483  494  497
463  473  486  498  507
462
490
474  481  482  485  489  499  506  508
464  465  468  494  501  502
465
497
468  472  474  475  491  492
495
463  494  499  504  506
489
485
462  465  479  480  491  493  499
461  482
479  487  506
482  483  486
506
492
482  508
494  507
489
489  508
482
464
460  462  472  478  479  489  492  497
499
471
486  506
463  468  470  473  476  489  505
477
476  505
463
485
506
508
483
461  465  469  474  479  482  488  492
473  481  484  498  499
480  489
489
478
496
465  477  487  507  509
483  508
480
460  473  486  487  490  501
489
475
484  508
480  489
468
498
471  472  480  503  508
505
478
465
463  496
463  489
481
462  468  481  486  488  493  495  499
477
461  466  469  494  504  509
465  466
